<?xml version="1.0" encoding="UTF-8"?>
<testng-results ignored="0" total="4" passed="4" failed="0" skipped="0">
  <reporter-output>
  </reporter-output>
  <suite started-at="2026-05-17T00:14:42 IST" name="Suite" finished-at="2026-05-17T00:14:51 IST" duration-ms="9045">
    <groups>
    </groups>
    <test started-at="2026-05-17T00:14:42 IST" name="Test" finished-at="2026-05-17T00:14:51 IST" duration-ms="9045">
      <class name="Testcases.ApplicationLogin">
        <test-method is-config="true" signature="setup()[pri:0, instance:Testcases.ApplicationLogin@7aaca91a]" started-at="2026-05-17T00:14:42 IST" name="setup" finished-at="2026-05-17T00:14:45 IST" duration-ms="2760" status="PASS">
          <reporter-output>
          </reporter-output>
        </test-method> <!-- setup -->
        <test-method signature="loginWithValidCredentials(java.lang.String,java.lang.String)[pri:1, instance:Testcases.ApplicationLogin@7aaca91a]" started-at="2026-05-17T00:14:47 IST" name="loginWithValidCredentials" data-provider="Excel" finished-at="2026-05-17T00:14:50 IST" duration-ms="2952" status="PASS">
          <params>
            <param index="0">
              <value>
                <![CDATA[janardhan1@gmail.com]]>
              </value>
            </param>
            <param index="1">
              <value>
                <![CDATA[admin@123]]>
              </value>
            </param>
          </params>
          <reporter-output>
          </reporter-output>
        </test-method> <!-- loginWithValidCredentials -->
        <test-method signature="logoutFromApplication()[pri:2, instance:Testcases.ApplicationLogin@7aaca91a]" started-at="2026-05-17T00:14:50 IST" name="logoutFromApplication" finished-at="2026-05-17T00:14:51 IST" depends-on-methods="Testcases.ApplicationLogin.loginWithValidCredentials" duration-ms="765" status="PASS">
          <reporter-output>
          </reporter-output>
        </test-method> <!-- logoutFromApplication -->
        <test-method signature="verifyFooterLinks()[pri:3, instance:Testcases.ApplicationLogin@7aaca91a]" started-at="2026-05-17T00:14:51 IST" name="verifyFooterLinks" finished-at="2026-05-17T00:14:51 IST" duration-ms="36" status="PASS">
          <reporter-output>
          </reporter-output>
        </test-method> <!-- verifyFooterLinks -->
        <test-method signature="verifyNewUserLinks()[pri:3, instance:Testcases.ApplicationLogin@7aaca91a]" started-at="2026-05-17T00:14:51 IST" name="verifyNewUserLinks" finished-at="2026-05-17T00:14:51 IST" duration-ms="56" status="PASS">
          <reporter-output>
          </reporter-output>
        </test-method> <!-- verifyNewUserLinks -->
        <test-method is-config="true" signature="tearDown()[pri:0, instance:Testcases.ApplicationLogin@7aaca91a]" started-at="2026-05-17T00:14:51 IST" name="tearDown" finished-at="2026-05-17T00:14:51 IST" duration-ms="281" status="PASS">
          <reporter-output>
          </reporter-output>
        </test-method> <!-- tearDown -->
      </class> <!-- Testcases.ApplicationLogin -->
    </test> <!-- Test -->
  </suite> <!-- Suite -->
</testng-results>
