<?xml version="1.0" encoding="UTF-8"?>
<!-- Generated by org.testng.reporters.JUnitReportReporter -->
<testsuite hostname="LAPTOP-VIGGU9P4" failures="0" tests="4" name="Testcases.ApplicationLogin" time="3.809" errors="0" timestamp="2026-05-17T00:14:51 IST" skipped="0">
  <testcase classname="Testcases.ApplicationLogin" name="loginWithValidCredentials" time="2.952"/>
  <testcase classname="Testcases.ApplicationLogin" name="logoutFromApplication" time="0.765"/>
  <testcase classname="Testcases.ApplicationLogin" name="verifyFooterLinks" time="0.036"/>
  <testcase classname="Testcases.ApplicationLogin" name="verifyNewUserLinks" time="0.056"/>
</testsuite> <!-- Testcases.ApplicationLogin -->
